<?xml version="1.0" encoding="UTF-8"?>
<!-- Generated by org.testng.reporters.JUnitReportReporter -->
<testsuite skipped="0" hostname="LAPTOP-PT93KTGA" name="org.executable.EntirelyPets" tests="3" failures="0" timestamp="17 Jan 2021 05:50:08 GMT" time="52.943" errors="0">
  <testcase name="tc2" time="20.473" classname="org.executable.EntirelyPets"/>
  <testcase name="tc1" time="25.844" classname="org.executable.EntirelyPets"/>
  <testcase name="tc3" time="6.626" classname="org.executable.EntirelyPets"/>
</testsuite> <!-- org.executable.EntirelyPets -->
