<?xml version="1.0" encoding="UTF-8"?>
<!-- Generated by org.testng.reporters.JUnitReportReporter -->
<testsuite skipped="0" hostname="LAPTOP-PT93KTGA" name="org.datadriven.EntirelyPets" tests="3" failures="0" timestamp="17 Jan 2021 07:29:37 GMT" time="72.275" errors="0">
  <testcase name="tc2" time="19.531" classname="org.datadriven.EntirelyPets"/>
  <testcase name="tc3" time="6.772" classname="org.datadriven.EntirelyPets"/>
  <testcase name="tc1" time="45.972" classname="org.datadriven.EntirelyPets"/>
</testsuite> <!-- org.datadriven.EntirelyPets -->
